# JRE version: OpenJDK Runtime Environment (8.0_242-b01) (build 1.8.0_242-release-1644-b01)
# Java VM: OpenJDK 64-Bit Server VM (25.242-b01 mixed mode windows-amd64 compressed oops)
Heap:
 PSYoungGen      total 461824K, used 151316K [0x00000000e0000000, 0x00000000ffd00000, 0x0000000100000000)
  eden space 405504K, 29% used [0x00000000e0000000,0x00000000e744f110,0x00000000f8c00000)
  from space 56320K, 57% used [0x00000000f8c00000,0x00000000fab76140,0x00000000fc300000)
  to   space 55296K, 0% used [0x00000000fc700000,0x00000000fc700000,0x00000000ffd00000)
 ParOldGen       total 134656K, used 91800K [0x00000000a0000000, 0x00000000a8380000, 0x00000000e0000000)
  object space 134656K, 68% used [0x00000000a0000000,0x00000000a59a63f8,0x00000000a8380000)
 Metaspace       used 111656K, capacity 117614K, committed 117784K, reserved 1150976K
  class space    used 14302K, capacity 15539K, committed 15640K, reserved 1048576K
GC Heap History (10 events):
Event: 325.951 GC heap before
{Heap before GC invocations=49 (full 4):
 PSYoungGen      total 458240K, used 419530K [0x00000000e0000000, 0x0000000100000000, 0x0000000100000000)
  eden space 397312K, 100% used [0x00000000e0000000,0x00000000f8400000,0x00000000f8400000)
  from space 60928K, 36% used [0x00000000fbf00000,0x00000000fd4b29d8,0x00000000ffa80000)
  to   space 60416K, 0% used [0x00000000f8400000,0x00000000f8400000,0x00000000fbf00000)
 ParOldGen       total 134656K, used 83587K [0x00000000a0000000, 0x00000000a8380000, 0x00000000e0000000)
  object space 134656K, 62% used [0x00000000a0000000,0x00000000a51a0d00,0x00000000a8380000)
 Metaspace       used 111454K, capacity 117310K, committed 117400K, reserved 1150976K
  class space    used 14276K, capacity 15475K, committed 15512K, reserved 1048576K
Event: 325.974 GC heap after
Heap after GC invocations=49 (full 4):
 PSYoungGen      total 457728K, used 15564K [0x00000000e0000000, 0x00000000fff80000, 0x0000000100000000)
  eden space 397312K, 0% used [0x00000000e0000000,0x00000000e0000000,0x00000000f8400000)
  from space 60416K, 25% used [0x00000000f8400000,0x00000000f93333c0,0x00000000fbf00000)
  to   space 60416K, 0% used [0x00000000fc480000,0x00000000fc480000,0x00000000fff80000)
 ParOldGen       total 134656K, used 89053K [0x00000000a0000000, 0x00000000a8380000, 0x00000000e0000000)
  object space 134656K, 66% used [0x00000000a0000000,0x00000000a56f7648,0x00000000a8380000)
 Metaspace       used 111454K, capacity 117310K, committed 117400K, reserved 1150976K
  class space    used 14276K, capacity 15475K, committed 15512K, reserved 1048576K
}
Event: 326.723 GC heap before
{Heap before GC invocations=50 (full 4):
 PSYoungGen      total 457728K, used 412876K [0x00000000e0000000, 0x00000000fff80000, 0x0000000100000000)
  eden space 397312K, 100% used [0x00000000e0000000,0x00000000f8400000,0x00000000f8400000)
  from space 60416K, 25% used [0x00000000f8400000,0x00000000f93333c0,0x00000000fbf00000)
  to   space 60416K, 0% used [0x00000000fc480000,0x00000000fc480000,0x00000000fff80000)
 ParOldGen       total 134656K, used 89053K [0x00000000a0000000, 0x00000000a8380000, 0x00000000e0000000)
  object space 134656K, 66% used [0x00000000a0000000,0x00000000a56f7648,0x00000000a8380000)
 Metaspace       used 111586K, capacity 117540K, committed 117784K, reserved 1150976K
  class space    used 14301K, capacity 15538K, committed 15640K, reserved 1048576K
Event: 326.739 GC heap after
Heap after GC invocations=50 (full 4):
 PSYoungGen      total 463360K, used 15686K [0x00000000e0000000, 0x00000000fff00000, 0x0000000100000000)
  eden space 403456K, 0% used [0x00000000e0000000,0x00000000e0000000,0x00000000f8a00000)
  from space 59904K, 26% used [0x00000000fc480000,0x00000000fd3d1898,0x00000000fff00000)
  to   space 59904K, 0% used [0x00000000f8a00000,0x00000000f8a00000,0x00000000fc480000)
 ParOldGen       total 134656K, used 89811K [0x00000000a0000000, 0x00000000a8380000, 0x00000000e0000000)
  object space 134656K, 66% used [0x00000000a0000000,0x00000000a57b4d00,0x00000000a8380000)
 Metaspace       used 111586K, capacity 117540K, committed 117784K, reserved 1150976K
  class space    used 14301K, capacity 15538K, committed 15640K, reserved 1048576K
}
Event: 327.318 GC heap before
{Heap before GC invocations=51 (full 4):
 PSYoungGen      total 463360K, used 419142K [0x00000000e0000000, 0x00000000fff00000, 0x0000000100000000)
  eden space 403456K, 100% used [0x00000000e0000000,0x00000000f8a00000,0x00000000f8a00000)
  from space 59904K, 26% used [0x00000000fc480000,0x00000000fd3d1898,0x00000000fff00000)
  to   space 59904K, 0% used [0x00000000f8a00000,0x00000000f8a00000,0x00000000fc480000)
 ParOldGen       total 134656K, used 89811K [0x00000000a0000000, 0x00000000a8380000, 0x00000000e0000000)
  object space 134656K, 66% used [0x00000000a0000000,0x00000000a57b4d00,0x00000000a8380000)
 Metaspace       used 111599K, capacity 117540K, committed 117784K, reserved 1150976K
  class space    used 14301K, capacity 15538K, committed 15640K, reserved 1048576K
Event: 327.344 GC heap after
Heap after GC invocations=51 (full 4):
 PSYoungGen      total 430592K, used 26838K [0x00000000e0000000, 0x00000000ffb00000, 0x0000000100000000)
  eden space 403456K, 0% used [0x00000000e0000000,0x00000000e0000000,0x00000000f8a00000)
  from space 27136K, 98% used [0x00000000f8a00000,0x00000000fa435808,0x00000000fa480000)
  to   space 57344K, 0% used [0x00000000fc300000,0x00000000fc300000,0x00000000ffb00000)
 ParOldGen       total 134656K, used 90814K [0x00000000a0000000, 0x00000000a8380000, 0x00000000e0000000)
  object space 134656K, 67% used [0x00000000a0000000,0x00000000a58af888,0x00000000a8380000)
 Metaspace       used 111599K, capacity 117540K, committed 117784K, reserved 1150976K
  class space    used 14301K, capacity 15538K, committed 15640K, reserved 1048576K
}
Event: 328.083 GC heap before
{Heap before GC invocations=52 (full 4):
 PSYoungGen      total 430592K, used 430294K [0x00000000e0000000, 0x00000000ffb00000, 0x0000000100000000)
  eden space 403456K, 100% used [0x00000000e0000000,0x00000000f8a00000,0x00000000f8a00000)
  from space 27136K, 98% used [0x00000000f8a00000,0x00000000fa435808,0x00000000fa480000)
  to   space 57344K, 0% used [0x00000000fc300000,0x00000000fc300000,0x00000000ffb00000)
 ParOldGen       total 134656K, used 90814K [0x00000000a0000000, 0x00000000a8380000, 0x00000000e0000000)
  object space 134656K, 67% used [0x00000000a0000000,0x00000000a58af888,0x00000000a8380000)
 Metaspace       used 111628K, capacity 117608K, committed 117784K, reserved 1150976K
  class space    used 14301K, capacity 15538K, committed 15640K, reserved 1048576K
Event: 328.104 GC heap after
Heap after GC invocations=52 (full 4):
 PSYoungGen      total 462848K, used 19224K [0x00000000e0000000, 0x0000000100000000, 0x0000000100000000)
  eden space 405504K, 0% used [0x00000000e0000000,0x00000000e0000000,0x00000000f8c00000)
  from space 57344K, 33% used [0x00000000fc300000,0x00000000fd5c6128,0x00000000ffb00000)
  to   space 56320K, 0% used [0x00000000f8c00000,0x00000000f8c00000,0x00000000fc300000)
 ParOldGen       total 134656K, used 91390K [0x00000000a0000000, 0x00000000a8380000, 0x00000000e0000000)
  object space 134656K, 67% used [0x00000000a0000000,0x00000000a593f898,0x00000000a8380000)
 Metaspace       used 111628K, capacity 117608K, committed 117784K, reserved 1150976K
  class space    used 14301K, capacity 15538K, committed 15640K, reserved 1048576K
}
Event: 328.861 GC heap before
{Heap before GC invocations=53 (full 4):
 PSYoungGen      total 462848K, used 424728K [0x00000000e0000000, 0x0000000100000000, 0x0000000100000000)
  eden space 405504K, 100% used [0x00000000e0000000,0x00000000f8c00000,0x00000000f8c00000)
  from space 57344K, 33% used [0x00000000fc300000,0x00000000fd5c6128,0x00000000ffb00000)
  to   space 56320K, 0% used [0x00000000f8c00000,0x00000000f8c00000,0x00000000fc300000)
 ParOldGen       total 134656K, used 91390K [0x00000000a0000000, 0x00000000a8380000, 0x00000000e0000000)
  object space 134656K, 67% used [0x00000000a0000000,0x00000000a593f898,0x00000000a8380000)
 Metaspace       used 111653K, capacity 117614K, committed 117784K, reserved 1150976K
  class space    used 14302K, capacity 15539K, committed 15640K, reserved 1048576K
Event: 328.891 GC heap after
Heap after GC invocations=53 (full 4):
 PSYoungGen      total 461824K, used 32216K [0x00000000e0000000, 0x00000000ffd00000, 0x0000000100000000)
  eden space 405504K, 0% used [0x00000000e0000000,0x00000000e0000000,0x00000000f8c00000)
  from space 56320K, 57% used [0x00000000f8c00000,0x00000000fab76140,0x00000000fc300000)
  to   space 55296K, 0% used [0x00000000fc700000,0x00000000fc700000,0x00000000ffd00000)
 ParOldGen       total 134656K, used 91800K [0x00000000a0000000, 0x00000000a8380000, 0x00000000e0000000)
  object space 134656K, 68% used [0x00000000a0000000,0x00000000a59a63f8,0x00000000a8380000)
 Metaspace       used 111653K, capacity 117614K, committed 117784K, reserved 1150976K
  class space    used 14302K, capacity 15539K, committed 15640K, reserved 1048576K
}

